[debug] ----------------------------------------------------------------------
[debug] Command:      /home/ubuntu/.nvm/versions/node/v4.5.0/bin/node /home/ubuntu/.nvm/versions/node/v4.5.0/bin/firebase login
[debug] CLI Version:  3.1.0
[debug] Platform:     linux
[debug] Node Version: v4.5.0
[debug] Time:         Wed Nov 09 2016 18:20:09 GMT+0000 (UTC)
[debug] ----------------------------------------------------------------------
[debug] 
[info] 
[info] Visit this URL on any device to log in:
[info] https://accounts.google.com/o/oauth2/auth?client_id=563584335869-fgrhgmd47bqnekij5i8b5pr03ho849e6.apps.googleusercontent.com&scope=email%20openid%20https%3A%2F%2Fwww.googleapis.com%2Fauth%2Fcloudplatformprojects.readonly%20https%3A%2F%2Fwww.googleapis.com%2Fauth%2Ffirebase&response_type=code&state=1059563350&redirect_uri=http%3A%2F%2Flocalhost%3A9005
[info] 
[info] Waiting for authentication...
[debug] ----------------------------------------------------------------------
[debug] Command:      /home/ubuntu/.nvm/versions/node/v4.5.0/bin/node /home/ubuntu/.nvm/versions/node/v4.5.0/bin/firebase login:ci
[debug] CLI Version:  3.1.0
[debug] Platform:     linux
[debug] Node Version: v4.5.0
[debug] Time:         Wed Nov 09 2016 18:22:12 GMT+0000 (UTC)
[debug] ----------------------------------------------------------------------
[debug] 
[info] 
[info] Visit this URL on any device to log in:
[info] https://accounts.google.com/o/oauth2/auth?client_id=563584335869-fgrhgmd47bqnekij5i8b5pr03ho849e6.apps.googleusercontent.com&scope=email%20openid%20https%3A%2F%2Fwww.googleapis.com%2Fauth%2Fcloudplatformprojects.readonly%20https%3A%2F%2Fwww.googleapis.com%2Fauth%2Ffirebase&response_type=code&state=799836785&redirect_uri=http%3A%2F%2Flocalhost%3A9005
[info] 
[info] Waiting for authentication...
